2014-12-12 11:52:36.851 GestorContenidos[5658:439910] DiskCookieStorage changing policy from 2 to 0, cookie file: file:///Users/victor/Library/Developer/CoreSimulator/Devices/2515B339-37D3-484F-907E-E85C6C54A26E/data/Containers/Data/Application/8DCDAD1A-90E7-402D-86AE-2D2D830742C4/Library/Cookies/Cookies.binarycookies
2014-12-12 11:52:37.730 GestorContenidos[5658:439910] Apache Cordova native platform version 3.7.0 is starting.
2014-12-12 11:52:37.731 GestorContenidos[5658:439910] Multi-tasking -> Device: YES, App: YES
2014-12-12 11:52:37.770 GestorContenidos[5658:439910] Unlimited access to network resources
2014-12-12 11:52:37.806 GestorContenidos[5658:439910] 

Started backup to iCloud! Please be careful.
Your application might be rejected by Apple if you store too much data.
For more information please read "iOS Data Storage Guidelines" at:
https://developer.apple.com/icloud/documentation/data-storage/
To disable web storage backup to iCloud, set the BackupWebStorage preference to "local" in the Cordova config.xml file

2014-12-12 11:52:39.243 GestorContenidos[5658:439910] [CDVTimer][splashscreen] 451.703012ms
2014-12-12 11:52:39.281 GestorContenidos[5658:439910] [CDVTimer][file] 37.563026ms
2014-12-12 11:52:39.281 GestorContenidos[5658:439910] [CDVTimer][TotalPluginStartup] 489.776969ms
2014-12-12 11:52:40.760 GestorContenidos[5658:439910] Resetting plugins due to page load.
2014-12-12 11:52:41.098 GestorContenidos[5658:439910] Finished load of: file:///Users/victor/Library/Developer/CoreSimulator/Devices/2515B339-37D3-484F-907E-E85C6C54A26E/data/Containers/Bundle/Application/084AFDF1-2103-4D1B-8454-6E1FA885F58A/GestorContenidos.app/www/index.html
2014-12-12 11:52:51.669 GestorContenidos[5658:439910] Resetting plugins due to page load.
2014-12-12 11:52:56.987 GestorContenidos[5658:439910] Finished load of: http://www.mayoclinic.org/
2014-12-12 11:53:15.024 GestorContenidos[5658:439910] Resetting plugins due to page load.
2014-12-12 11:53:18.214 GestorContenidos[5658:439910] Finished load of: http://www.mayo.edu/?_ga=1.249063296.686033072.1418381576
2014-12-12 11:57:37.331 GestorContenidos[5658:461902] Terminating since there is no system app.
2014-12-12 12:34:24.778 GestorContenidos[6574:656009] Apache Cordova native platform version 3.7.0 is starting.
2014-12-12 12:34:24.807 GestorContenidos[6574:656009] Multi-tasking -> Device: YES, App: YES
2014-12-12 12:34:24.871 GestorContenidos[6574:656009] Unlimited access to network resources
2014-12-12 12:34:24.918 GestorContenidos[6574:656009] 

Started backup to iCloud! Please be careful.
Your application might be rejected by Apple if you store too much data.
For more information please read "iOS Data Storage Guidelines" at:
https://developer.apple.com/icloud/documentation/data-storage/
To disable web storage backup to iCloud, set the BackupWebStorage preference to "local" in the Cordova config.xml file

2014-12-12 12:34:27.103 GestorContenidos[6574:656009] [CDVTimer][splashscreen] 574.320018ms
2014-12-12 12:34:27.133 GestorContenidos[6574:656009] [CDVTimer][file] 29.514968ms
2014-12-12 12:34:27.133 GestorContenidos[6574:656009] [CDVTimer][TotalPluginStartup] 604.395986ms
2014-12-12 12:34:27.957 GestorContenidos[6574:656009] Resetting plugins due to page load.
2014-12-12 12:34:28.389 GestorContenidos[6574:656009] Finished load of: file:///Users/victor/Library/Developer/CoreSimulator/Devices/2515B339-37D3-484F-907E-E85C6C54A26E/data/Containers/Bundle/Application/7F5800A4-3DD6-4BBD-A0F8-BCAD2C513672/GestorContenidos.app/www/index.html
2014-12-12 12:34:28.538 GestorContenidos[6574:656009] THREAD WARNING: ['File'] took '12.572998' ms. Plugin should use a background thread.
2014-12-12 12:35:31.812 GestorContenidos[6574:656009] Resetting plugins due to page load.
2014-12-12 12:35:31.849 GestorContenidos[6574:656009] Finished load of: file:///Users/victor/Library/Developer/CoreSimulator/Devices/2515B339-37D3-484F-907E-E85C6C54A26E/data/Containers/Bundle/Application/7F5800A4-3DD6-4BBD-A0F8-BCAD2C513672/GestorContenidos.app/www/subcategorias.html?valor=1
2014-12-12 12:48:18.855 GestorContenidos[6801:715862] Apache Cordova native platform version 3.7.0 is starting.
2014-12-12 12:48:18.856 GestorContenidos[6801:715862] Multi-tasking -> Device: YES, App: YES
2014-12-12 12:48:18.858 GestorContenidos[6801:715862] Unlimited access to network resources
2014-12-12 12:48:18.869 GestorContenidos[6801:715862] 

Started backup to iCloud! Please be careful.
Your application might be rejected by Apple if you store too much data.
For more information please read "iOS Data Storage Guidelines" at:
https://developer.apple.com/icloud/documentation/data-storage/
To disable web storage backup to iCloud, set the BackupWebStorage preference to "local" in the Cordova config.xml file

2014-12-12 12:48:19.196 GestorContenidos[6801:715862] [CDVTimer][splashscreen] 47.381997ms
2014-12-12 12:48:19.199 GestorContenidos[6801:715862] [CDVTimer][file] 2.954006ms
2014-12-12 12:48:19.199 GestorContenidos[6801:715862] [CDVTimer][TotalPluginStartup] 50.696015ms
2014-12-12 12:48:19.292 GestorContenidos[6801:715862] Resetting plugins due to page load.
2014-12-12 12:48:19.391 GestorContenidos[6801:715862] Finished load of: file:///Users/victor/Library/Developer/CoreSimulator/Devices/2515B339-37D3-484F-907E-E85C6C54A26E/data/Containers/Bundle/Application/F8E79127-7547-4877-AFF9-70DE90B39817/GestorContenidos.app/www/index.html
2014-12-12 12:51:13.842 GestorContenidos[7040:728605] Apache Cordova native platform version 3.7.0 is starting.
2014-12-12 12:51:13.843 GestorContenidos[7040:728605] Multi-tasking -> Device: YES, App: YES
2014-12-12 12:51:13.844 GestorContenidos[7040:728605] Unlimited access to network resources
2014-12-12 12:51:13.858 GestorContenidos[7040:728605] 

Started backup to iCloud! Please be careful.
Your application might be rejected by Apple if you store too much data.
For more information please read "iOS Data Storage Guidelines" at:
https://developer.apple.com/icloud/documentation/data-storage/
To disable web storage backup to iCloud, set the BackupWebStorage preference to "local" in the Cordova config.xml file

2014-12-12 12:51:14.234 GestorContenidos[7040:728605] [CDVTimer][splashscreen] 91.095984ms
2014-12-12 12:51:14.242 GestorContenidos[7040:728605] [CDVTimer][file] 8.246005ms
2014-12-12 12:51:14.243 GestorContenidos[7040:728605] [CDVTimer][TotalPluginStartup] 99.714994ms
2014-12-12 12:51:14.496 GestorContenidos[7040:728605] Resetting plugins due to page load.
2014-12-12 12:51:14.568 GestorContenidos[7040:728605] Finished load of: file:///Users/victor/Library/Developer/CoreSimulator/Devices/2515B339-37D3-484F-907E-E85C6C54A26E/data/Containers/Bundle/Application/EE258A31-436D-4F58-8F7B-3393C8205075/GestorContenidos.app/www/index.html
2014-12-12 12:54:59.693 GestorContenidos[7040:728605] Resetting plugins due to page load.
2014-12-12 12:55:44.474 GestorContenidos[7306:741596] Apache Cordova native platform version 3.7.0 is starting.
2014-12-12 12:55:44.475 GestorContenidos[7306:741596] Multi-tasking -> Device: YES, App: YES
2014-12-12 12:55:44.477 GestorContenidos[7306:741596] Unlimited access to network resources
2014-12-12 12:55:44.480 GestorContenidos[7306:741596] 

Started backup to iCloud! Please be careful.
Your application might be rejected by Apple if you store too much data.
For more information please read "iOS Data Storage Guidelines" at:
https://developer.apple.com/icloud/documentation/data-storage/
To disable web storage backup to iCloud, set the BackupWebStorage preference to "local" in the Cordova config.xml file

2014-12-12 12:55:44.754 GestorContenidos[7306:741596] [CDVTimer][splashscreen] 21.499991ms
2014-12-12 12:55:44.757 GestorContenidos[7306:741596] [CDVTimer][file] 2.586961ms
2014-12-12 12:55:44.757 GestorContenidos[7306:741596] [CDVTimer][TotalPluginStartup] 24.459004ms
2014-12-12 12:55:44.852 GestorContenidos[7306:741596] Resetting plugins due to page load.
2014-12-12 12:55:44.913 GestorContenidos[7306:741596] Finished load of: file:///Users/victor/Library/Developer/CoreSimulator/Devices/2515B339-37D3-484F-907E-E85C6C54A26E/data/Containers/Bundle/Application/0194F1E6-5165-427F-B2EA-73DF28186220/GestorContenidos.app/www/index.html
2014-12-12 12:56:39.225 GestorContenidos[7457:744479] Apache Cordova native platform version 3.7.0 is starting.
2014-12-12 12:56:39.227 GestorContenidos[7457:744479] Multi-tasking -> Device: YES, App: YES
2014-12-12 12:56:39.229 GestorContenidos[7457:744479] Unlimited access to network resources
2014-12-12 12:56:39.233 GestorContenidos[7457:744479] 

Started backup to iCloud! Please be careful.
Your application might be rejected by Apple if you store too much data.
For more information please read "iOS Data Storage Guidelines" at:
https://developer.apple.com/icloud/documentation/data-storage/
To disable web storage backup to iCloud, set the BackupWebStorage preference to "local" in the Cordova config.xml file

2014-12-12 12:56:39.512 GestorContenidos[7457:744479] [CDVTimer][splashscreen] 21.094978ms
2014-12-12 12:56:39.515 GestorContenidos[7457:744479] [CDVTimer][file] 2.539992ms
2014-12-12 12:56:39.515 GestorContenidos[7457:744479] [CDVTimer][TotalPluginStartup] 23.986995ms
2014-12-12 12:56:39.606 GestorContenidos[7457:744479] Resetting plugins due to page load.
2014-12-12 12:56:39.673 GestorContenidos[7457:744479] Finished load of: file:///Users/victor/Library/Developer/CoreSimulator/Devices/2515B339-37D3-484F-907E-E85C6C54A26E/data/Containers/Bundle/Application/4A628024-DF5E-4830-90EB-576B9E6BDBBB/GestorContenidos.app/www/index.html
2014-12-12 12:58:32.457 GestorContenidos[7457:744479] Resetting plugins due to page load.
2014-12-12 12:58:32.584 GestorContenidos[7457:744479] Finished load of: file:///Users/victor/Library/Developer/CoreSimulator/Devices/2515B339-37D3-484F-907E-E85C6C54A26E/data/Containers/Bundle/Application/4A628024-DF5E-4830-90EB-576B9E6BDBBB/GestorContenidos.app/www/subcategorias.html?valor=0
2014-12-12 12:58:34.801 GestorContenidos[7457:747297] Terminating since there is no system app.
2014-12-12 12:59:15.529 GestorContenidos[7712:748617] Apache Cordova native platform version 3.7.0 is starting.
2014-12-12 12:59:15.530 GestorContenidos[7712:748617] Multi-tasking -> Device: YES, App: YES
2014-12-12 12:59:15.532 GestorContenidos[7712:748617] Unlimited access to network resources
2014-12-12 12:59:15.534 GestorContenidos[7712:748617] 

Started backup to iCloud! Please be careful.
Your application might be rejected by Apple if you store too much data.
For more information please read "iOS Data Storage Guidelines" at:
https://developer.apple.com/icloud/documentation/data-storage/
To disable web storage backup to iCloud, set the BackupWebStorage preference to "local" in the Cordova config.xml file

2014-12-12 12:59:15.808 GestorContenidos[7712:748617] [CDVTimer][splashscreen] 21.390021ms
2014-12-12 12:59:15.811 GestorContenidos[7712:748617] [CDVTimer][file] 2.551019ms
2014-12-12 12:59:15.811 GestorContenidos[7712:748617] [CDVTimer][TotalPluginStartup] 24.326026ms
2014-12-12 12:59:15.887 GestorContenidos[7712:748617] Resetting plugins due to page load.
2014-12-12 12:59:15.951 GestorContenidos[7712:748617] Finished load of: file:///Users/victor/Library/Developer/CoreSimulator/Devices/2515B339-37D3-484F-907E-E85C6C54A26E/data/Containers/Bundle/Application/18FB107E-E692-420C-ADF4-63FF89D073C9/GestorContenidos.app/www/index.html
2014-12-12 12:59:25.665 GestorContenidos[7712:748617] THREAD WARNING: ['File'] took '9596.421143' ms. Plugin should use a background thread.
2014-12-12 13:00:17.055 GestorContenidos[7712:748617] Resetting plugins due to page load.
2014-12-12 13:00:17.087 GestorContenidos[7712:748617] Finished load of: file:///Users/victor/Library/Developer/CoreSimulator/Devices/2515B339-37D3-484F-907E-E85C6C54A26E/data/Containers/Bundle/Application/18FB107E-E692-420C-ADF4-63FF89D073C9/GestorContenidos.app/www/subcategorias.html?valor=1
2014-12-12 13:09:46.168 GestorContenidos[7905:798698] Apache Cordova native platform version 3.7.0 is starting.
2014-12-12 13:09:46.169 GestorContenidos[7905:798698] Multi-tasking -> Device: YES, App: YES
2014-12-12 13:09:46.171 GestorContenidos[7905:798698] Unlimited access to network resources
2014-12-12 13:09:46.173 GestorContenidos[7905:798698] 

Started backup to iCloud! Please be careful.
Your application might be rejected by Apple if you store too much data.
For more information please read "iOS Data Storage Guidelines" at:
https://developer.apple.com/icloud/documentation/data-storage/
To disable web storage backup to iCloud, set the BackupWebStorage preference to "local" in the Cordova config.xml file

2014-12-12 13:09:46.563 GestorContenidos[7905:798698] [CDVTimer][splashscreen] 128.552020ms
2014-12-12 13:09:46.567 GestorContenidos[7905:798698] [CDVTimer][file] 3.219962ms
2014-12-12 13:09:46.567 GestorContenidos[7905:798698] [CDVTimer][TotalPluginStartup] 132.170975ms
2014-12-12 13:09:46.680 GestorContenidos[7905:798698] Resetting plugins due to page load.
2014-12-12 13:09:46.750 GestorContenidos[7905:798698] Finished load of: file:///Users/victor/Library/Developer/CoreSimulator/Devices/2515B339-37D3-484F-907E-E85C6C54A26E/data/Containers/Bundle/Application/7FA842CA-AEFF-4640-A8A4-BDC52DE713F2/GestorContenidos.app/www/index.html
2014-12-12 13:09:54.067 GestorContenidos[7905:798698] Resetting plugins due to page load.
2014-12-12 13:09:54.100 GestorContenidos[7905:798698] Finished load of: file:///Users/victor/Library/Developer/CoreSimulator/Devices/2515B339-37D3-484F-907E-E85C6C54A26E/data/Containers/Bundle/Application/7FA842CA-AEFF-4640-A8A4-BDC52DE713F2/GestorContenidos.app/www/subcategorias.html?valor=1
2014-12-12 13:10:58.368 GestorContenidos[7905:809116] Terminating since there is no system app.
2014-12-12 13:11:17.049 GestorContenidos[8068:810367] Apache Cordova native platform version 3.7.0 is starting.
2014-12-12 13:11:17.050 GestorContenidos[8068:810367] Multi-tasking -> Device: YES, App: YES
2014-12-12 13:11:17.052 GestorContenidos[8068:810367] Unlimited access to network resources
2014-12-12 13:11:17.055 GestorContenidos[8068:810367] 

Started backup to iCloud! Please be careful.
Your application might be rejected by Apple if you store too much data.
For more information please read "iOS Data Storage Guidelines" at:
https://developer.apple.com/icloud/documentation/data-storage/
To disable web storage backup to iCloud, set the BackupWebStorage preference to "local" in the Cordova config.xml file

2014-12-12 13:11:17.340 GestorContenidos[8068:810367] [CDVTimer][splashscreen] 23.584962ms
2014-12-12 13:11:17.343 GestorContenidos[8068:810367] [CDVTimer][file] 2.899945ms
2014-12-12 13:11:17.344 GestorContenidos[8068:810367] [CDVTimer][TotalPluginStartup] 26.902974ms
2014-12-12 13:11:17.423 GestorContenidos[8068:810367] Resetting plugins due to page load.
2014-12-12 13:11:17.511 GestorContenidos[8068:810367] Finished load of: file:///Users/victor/Library/Developer/CoreSimulator/Devices/2515B339-37D3-484F-907E-E85C6C54A26E/data/Containers/Bundle/Application/A97C009E-D976-4D0C-859A-8140B938A896/GestorContenidos.app/www/index.html
2014-12-12 13:11:21.066 GestorContenidos[8068:810367] Resetting plugins due to page load.
2014-12-12 13:11:21.099 GestorContenidos[8068:810367] Finished load of: file:///Users/victor/Library/Developer/CoreSimulator/Devices/2515B339-37D3-484F-907E-E85C6C54A26E/data/Containers/Bundle/Application/A97C009E-D976-4D0C-859A-8140B938A896/GestorContenidos.app/www/subcategorias.html?valor=1
2014-12-12 13:11:40.076 GestorContenidos[8068:814242] Terminating since there is no system app.
2014-12-12 13:14:53.333 GestorContenidos[8226:830773] Apache Cordova native platform version 3.7.0 is starting.
2014-12-12 13:14:53.335 GestorContenidos[8226:830773] Multi-tasking -> Device: YES, App: YES
2014-12-12 13:14:53.337 GestorContenidos[8226:830773] Unlimited access to network resources
2014-12-12 13:14:53.340 GestorContenidos[8226:830773] 

Started backup to iCloud! Please be careful.
Your application might be rejected by Apple if you store too much data.
For more information please read "iOS Data Storage Guidelines" at:
https://developer.apple.com/icloud/documentation/data-storage/
To disable web storage backup to iCloud, set the BackupWebStorage preference to "local" in the Cordova config.xml file

2014-12-12 13:14:53.657 GestorContenidos[8226:830773] [CDVTimer][splashscreen] 28.416991ms
2014-12-12 13:14:53.660 GestorContenidos[8226:830773] [CDVTimer][file] 2.660990ms
2014-12-12 13:14:53.660 GestorContenidos[8226:830773] [CDVTimer][TotalPluginStartup] 31.448007ms
2014-12-12 13:14:53.771 GestorContenidos[8226:830773] Resetting plugins due to page load.
2014-12-12 13:14:53.861 GestorContenidos[8226:830773] Finished load of: file:///Users/victor/Library/Developer/CoreSimulator/Devices/2515B339-37D3-484F-907E-E85C6C54A26E/data/Containers/Bundle/Application/87A568A6-2D94-4A09-A284-DC472C095D77/GestorContenidos.app/www/index.html
2014-12-12 13:14:59.933 GestorContenidos[8226:830773] Resetting plugins due to page load.
2014-12-12 13:14:59.968 GestorContenidos[8226:830773] Finished load of: file:///Users/victor/Library/Developer/CoreSimulator/Devices/2515B339-37D3-484F-907E-E85C6C54A26E/data/Containers/Bundle/Application/87A568A6-2D94-4A09-A284-DC472C095D77/GestorContenidos.app/www/subcategorias.html?valor=1
2014-12-12 13:16:03.552 GestorContenidos[8348:839422] Apache Cordova native platform version 3.7.0 is starting.
2014-12-12 13:16:03.554 GestorContenidos[8348:839422] Multi-tasking -> Device: YES, App: YES
2014-12-12 13:16:03.555 GestorContenidos[8348:839422] Unlimited access to network resources
2014-12-12 13:16:03.558 GestorContenidos[8348:839422] 

Started backup to iCloud! Please be careful.
Your application might be rejected by Apple if you store too much data.
For more information please read "iOS Data Storage Guidelines" at:
https://developer.apple.com/icloud/documentation/data-storage/
To disable web storage backup to iCloud, set the BackupWebStorage preference to "local" in the Cordova config.xml file

2014-12-12 13:16:03.960 GestorContenidos[8348:839422] [CDVTimer][splashscreen] 133.053005ms
2014-12-12 13:16:03.978 GestorContenidos[8348:839422] [CDVTimer][file] 17.811000ms
2014-12-12 13:16:03.978 GestorContenidos[8348:839422] [CDVTimer][TotalPluginStartup] 151.400983ms
2014-12-12 13:16:04.233 GestorContenidos[8348:839422] Resetting plugins due to page load.
2014-12-12 13:16:04.319 GestorContenidos[8348:839422] Finished load of: file:///Users/victor/Library/Developer/CoreSimulator/Devices/2515B339-37D3-484F-907E-E85C6C54A26E/data/Containers/Bundle/Application/B4B3CA3B-E34B-4363-B091-CB003152FCEC/GestorContenidos.app/www/index.html
2014-12-12 13:16:06.805 GestorContenidos[8348:839422] Resetting plugins due to page load.
2014-12-12 13:16:06.851 GestorContenidos[8348:839422] Finished load of: file:///Users/victor/Library/Developer/CoreSimulator/Devices/2515B339-37D3-484F-907E-E85C6C54A26E/data/Containers/Bundle/Application/B4B3CA3B-E34B-4363-B091-CB003152FCEC/GestorContenidos.app/www/subcategorias.html?valor=1
2014-12-12 13:16:16.597 GestorContenidos[8348:839422] Resetting plugins due to page load.
2014-12-12 13:16:16.636 GestorContenidos[8348:839422] Finished load of: file:///Users/victor/Library/Developer/CoreSimulator/Devices/2515B339-37D3-484F-907E-E85C6C54A26E/data/Containers/Bundle/Application/B4B3CA3B-E34B-4363-B091-CB003152FCEC/GestorContenidos.app/www/opciones.html
2014-12-12 13:16:21.101 GestorContenidos[8348:839422] Resetting plugins due to page load.
2014-12-12 13:16:21.122 GestorContenidos[8348:839422] Finished load of: file:///Users/victor/Library/Developer/CoreSimulator/Devices/2515B339-37D3-484F-907E-E85C6C54A26E/data/Containers/Bundle/Application/B4B3CA3B-E34B-4363-B091-CB003152FCEC/GestorContenidos.app/www/opciones.html
2014-12-12 13:21:16.203 GestorContenidos[8509:852996] Apache Cordova native platform version 3.7.0 is starting.
2014-12-12 13:21:16.205 GestorContenidos[8509:852996] Multi-tasking -> Device: YES, App: YES
2014-12-12 13:21:16.207 GestorContenidos[8509:852996] Unlimited access to network resources
2014-12-12 13:21:16.209 GestorContenidos[8509:852996] 

Started backup to iCloud! Please be careful.
Your application might be rejected by Apple if you store too much data.
For more information please read "iOS Data Storage Guidelines" at:
https://developer.apple.com/icloud/documentation/data-storage/
To disable web storage backup to iCloud, set the BackupWebStorage preference to "local" in the Cordova config.xml file

2014-12-12 13:21:16.485 GestorContenidos[8509:852996] [CDVTimer][splashscreen] 24.713993ms
2014-12-12 13:21:16.488 GestorContenidos[8509:852996] [CDVTimer][file] 2.566993ms
2014-12-12 13:21:16.488 GestorContenidos[8509:852996] [CDVTimer][TotalPluginStartup] 27.658045ms
2014-12-12 13:21:16.567 GestorContenidos[8509:852996] Resetting plugins due to page load.
2014-12-12 13:21:16.634 GestorContenidos[8509:852996] Finished load of: file:///Users/victor/Library/Developer/CoreSimulator/Devices/2515B339-37D3-484F-907E-E85C6C54A26E/data/Containers/Bundle/Application/8C3B6995-45D6-415D-98F1-3291FC658989/GestorContenidos.app/www/index.html
2014-12-12 13:21:23.398 GestorContenidos[8509:852996] Resetting plugins due to page load.
2014-12-12 13:21:23.425 GestorContenidos[8509:852996] Finished load of: file:///Users/victor/Library/Developer/CoreSimulator/Devices/2515B339-37D3-484F-907E-E85C6C54A26E/data/Containers/Bundle/Application/8C3B6995-45D6-415D-98F1-3291FC658989/GestorContenidos.app/www/subcategorias.html?valor=1
2014-12-12 13:27:30.518 GestorContenidos[8679:875069] Apache Cordova native platform version 3.7.0 is starting.
2014-12-12 13:27:30.520 GestorContenidos[8679:875069] Multi-tasking -> Device: YES, App: YES
2014-12-12 13:27:30.535 GestorContenidos[8679:875069] Unlimited access to network resources
2014-12-12 13:27:30.539 GestorContenidos[8679:875069] 

Started backup to iCloud! Please be careful.
Your application might be rejected by Apple if you store too much data.
For more information please read "iOS Data Storage Guidelines" at:
https://developer.apple.com/icloud/documentation/data-storage/
To disable web storage backup to iCloud, set the BackupWebStorage preference to "local" in the Cordova config.xml file

2014-12-12 13:27:30.905 GestorContenidos[8679:875069] [CDVTimer][splashscreen] 81.928968ms
2014-12-12 13:27:30.918 GestorContenidos[8679:875069] [CDVTimer][file] 12.033999ms
2014-12-12 13:27:30.918 GestorContenidos[8679:875069] [CDVTimer][TotalPluginStartup] 94.419003ms
2014-12-12 13:27:31.126 GestorContenidos[8679:875069] Resetting plugins due to page load.
2014-12-12 13:27:31.227 GestorContenidos[8679:875069] Finished load of: file:///Users/victor/Library/Developer/CoreSimulator/Devices/2515B339-37D3-484F-907E-E85C6C54A26E/data/Containers/Bundle/Application/21C8B36B-DCF9-442B-B178-EED29708598C/GestorContenidos.app/www/index.html
2014-12-12 13:27:33.173 GestorContenidos[8679:875069] Resetting plugins due to page load.
2014-12-12 13:27:33.213 GestorContenidos[8679:875069] Finished load of: file:///Users/victor/Library/Developer/CoreSimulator/Devices/2515B339-37D3-484F-907E-E85C6C54A26E/data/Containers/Bundle/Application/21C8B36B-DCF9-442B-B178-EED29708598C/GestorContenidos.app/www/subcategorias.html?valor=1
2014-12-12 13:31:56.760 GestorContenidos[8932:894310] Apache Cordova native platform version 3.7.0 is starting.
2014-12-12 13:31:56.761 GestorContenidos[8932:894310] Multi-tasking -> Device: YES, App: YES
2014-12-12 13:31:56.795 GestorContenidos[8932:894310] Unlimited access to network resources
2014-12-12 13:31:56.823 GestorContenidos[8932:894310] 

Started backup to iCloud! Please be careful.
Your application might be rejected by Apple if you store too much data.
For more information please read "iOS Data Storage Guidelines" at:
https://developer.apple.com/icloud/documentation/data-storage/
To disable web storage backup to iCloud, set the BackupWebStorage preference to "local" in the Cordova config.xml file

2014-12-12 13:31:57.476 GestorContenidos[8932:894310] [CDVTimer][splashscreen] 245.144963ms
2014-12-12 13:31:57.741 GestorContenidos[8932:894310] [CDVTimer][file] 264.451027ms
2014-12-12 13:31:57.741 GestorContenidos[8932:894310] [CDVTimer][TotalPluginStartup] 510.099053ms
2014-12-12 13:31:58.020 GestorContenidos[8932:894310] Resetting plugins due to page load.
2014-12-12 13:31:58.126 GestorContenidos[8932:894310] Finished load of: file:///Users/victor/Library/Developer/CoreSimulator/Devices/2515B339-37D3-484F-907E-E85C6C54A26E/data/Containers/Bundle/Application/13055192-E249-4AD8-BDF0-283046E9FDBE/GestorContenidos.app/www/index.html
2014-12-12 13:32:02.195 GestorContenidos[8932:894310] Resetting plugins due to page load.
2014-12-12 13:32:02.243 GestorContenidos[8932:894310] Finished load of: file:///Users/victor/Library/Developer/CoreSimulator/Devices/2515B339-37D3-484F-907E-E85C6C54A26E/data/Containers/Bundle/Application/13055192-E249-4AD8-BDF0-283046E9FDBE/GestorContenidos.app/www/subcategorias.html?valor=1
2014-12-12 13:33:53.380 GestorContenidos[9158:900606] Apache Cordova native platform version 3.7.0 is starting.
2014-12-12 13:33:53.381 GestorContenidos[9158:900606] Multi-tasking -> Device: YES, App: YES
2014-12-12 13:33:53.383 GestorContenidos[9158:900606] Unlimited access to network resources
2014-12-12 13:33:53.396 GestorContenidos[9158:900606] 

Started backup to iCloud! Please be careful.
Your application might be rejected by Apple if you store too much data.
For more information please read "iOS Data Storage Guidelines" at:
https://developer.apple.com/icloud/documentation/data-storage/
To disable web storage backup to iCloud, set the BackupWebStorage preference to "local" in the Cordova config.xml file

2014-12-12 13:33:53.819 GestorContenidos[9158:900606] [CDVTimer][splashscreen] 133.697033ms
2014-12-12 13:33:53.823 GestorContenidos[9158:900606] [CDVTimer][file] 3.214002ms
2014-12-12 13:33:53.823 GestorContenidos[9158:900606] [CDVTimer][TotalPluginStartup] 137.358963ms
2014-12-12 13:33:53.949 GestorContenidos[9158:900606] Resetting plugins due to page load.
2014-12-12 13:33:54.036 GestorContenidos[9158:900606] Finished load of: file:///Users/victor/Library/Developer/CoreSimulator/Devices/2515B339-37D3-484F-907E-E85C6C54A26E/data/Containers/Bundle/Application/4F11B854-E6EC-4CD7-A8E4-F6477E567EFC/GestorContenidos.app/www/index.html
2014-12-12 13:33:59.428 GestorContenidos[9158:900606] Resetting plugins due to page load.
2014-12-12 13:33:59.477 GestorContenidos[9158:900606] Finished load of: file:///Users/victor/Library/Developer/CoreSimulator/Devices/2515B339-37D3-484F-907E-E85C6C54A26E/data/Containers/Bundle/Application/4F11B854-E6EC-4CD7-A8E4-F6477E567EFC/GestorContenidos.app/www/opciones.html
2014-12-12 13:37:39.907 GestorContenidos[9284:914025] Apache Cordova native platform version 3.7.0 is starting.
2014-12-12 13:37:39.908 GestorContenidos[9284:914025] Multi-tasking -> Device: YES, App: YES
2014-12-12 13:37:39.910 GestorContenidos[9284:914025] Unlimited access to network resources
2014-12-12 13:37:39.926 GestorContenidos[9284:914025] 

Started backup to iCloud! Please be careful.
Your application might be rejected by Apple if you store too much data.
For more information please read "iOS Data Storage Guidelines" at:
https://developer.apple.com/icloud/documentation/data-storage/
To disable web storage backup to iCloud, set the BackupWebStorage preference to "local" in the Cordova config.xml file

2014-12-12 13:37:40.406 GestorContenidos[9284:914025] [CDVTimer][splashscreen] 203.593016ms
2014-12-12 13:37:40.461 GestorContenidos[9284:914025] [CDVTimer][file] 54.610014ms
2014-12-12 13:37:40.461 GestorContenidos[9284:914025] [CDVTimer][TotalPluginStartup] 258.726001ms
2014-12-12 13:37:40.822 GestorContenidos[9284:914025] Resetting plugins due to page load.
2014-12-12 13:37:40.942 GestorContenidos[9284:914025] Finished load of: file:///Users/victor/Library/Developer/CoreSimulator/Devices/2515B339-37D3-484F-907E-E85C6C54A26E/data/Containers/Bundle/Application/73926F51-3283-4245-BCE4-00F842B2BFCD/GestorContenidos.app/www/index.html
2014-12-12 13:37:45.387 GestorContenidos[9284:914025] Resetting plugins due to page load.
2014-12-12 13:37:45.446 GestorContenidos[9284:914025] Finished load of: file:///Users/victor/Library/Developer/CoreSimulator/Devices/2515B339-37D3-484F-907E-E85C6C54A26E/data/Containers/Bundle/Application/73926F51-3283-4245-BCE4-00F842B2BFCD/GestorContenidos.app/www/subcategorias.html?valor=1
2014-12-12 13:37:46.955 GestorContenidos[9284:914025] Resetting plugins due to page load.
2014-12-12 13:37:46.980 GestorContenidos[9284:914025] Finished load of: file:///Users/victor/Library/Developer/CoreSimulator/Devices/2515B339-37D3-484F-907E-E85C6C54A26E/data/Containers/Bundle/Application/73926F51-3283-4245-BCE4-00F842B2BFCD/GestorContenidos.app/www/index.html
2014-12-12 13:38:09.977 GestorContenidos[9284:914025] Resetting plugins due to page load.
2014-12-12 13:38:10.020 GestorContenidos[9284:914025] Finished load of: file:///Users/victor/Library/Developer/CoreSimulator/Devices/2515B339-37D3-484F-907E-E85C6C54A26E/data/Containers/Bundle/Application/73926F51-3283-4245-BCE4-00F842B2BFCD/GestorContenidos.app/www/subcategorias.html?valor=1
2014-12-12 13:38:11.958 GestorContenidos[9284:914025] Resetting plugins due to page load.
2014-12-12 13:38:11.975 GestorContenidos[9284:914025] Finished load of: file:///Users/victor/Library/Developer/CoreSimulator/Devices/2515B339-37D3-484F-907E-E85C6C54A26E/data/Containers/Bundle/Application/73926F51-3283-4245-BCE4-00F842B2BFCD/GestorContenidos.app/www/index.html
2014-12-12 14:11:15.440 GestorContenidos[9671:965875] Apache Cordova native platform version 3.7.0 is starting.
2014-12-12 14:11:15.441 GestorContenidos[9671:965875] Multi-tasking -> Device: YES, App: YES
2014-12-12 14:11:15.443 GestorContenidos[9671:965875] Unlimited access to network resources
2014-12-12 14:11:15.447 GestorContenidos[9671:965875] 

Started backup to iCloud! Please be careful.
Your application might be rejected by Apple if you store too much data.
For more information please read "iOS Data Storage Guidelines" at:
https://developer.apple.com/icloud/documentation/data-storage/
To disable web storage backup to iCloud, set the BackupWebStorage preference to "local" in the Cordova config.xml file

2014-12-12 14:11:15.750 GestorContenidos[9671:965875] [CDVTimer][splashscreen] 24.305999ms
2014-12-12 14:11:15.752 GestorContenidos[9671:965875] [CDVTimer][file] 2.524972ms
2014-12-12 14:11:15.753 GestorContenidos[9671:965875] [CDVTimer][TotalPluginStartup] 27.206957ms
2014-12-12 14:11:15.835 GestorContenidos[9671:965875] Resetting plugins due to page load.
2014-12-12 14:11:15.934 GestorContenidos[9671:965875] Finished load of: file:///Users/victor/Library/Developer/CoreSimulator/Devices/2515B339-37D3-484F-907E-E85C6C54A26E/data/Containers/Bundle/Application/14A05CDA-4DED-4EBC-ADD7-44D5F39DD833/GestorContenidos.app/www/index.html
2014-12-12 14:11:19.079 GestorContenidos[9671:965875] THREAD WARNING: ['File'] took '3047.597900' ms. Plugin should use a background thread.
2014-12-12 14:12:42.676 GestorContenidos[9825:970526] Apache Cordova native platform version 3.7.0 is starting.
2014-12-12 14:12:42.677 GestorContenidos[9825:970526] Multi-tasking -> Device: YES, App: YES
2014-12-12 14:12:42.679 GestorContenidos[9825:970526] Unlimited access to network resources
2014-12-12 14:12:42.681 GestorContenidos[9825:970526] 

Started backup to iCloud! Please be careful.
Your application might be rejected by Apple if you store too much data.
For more information please read "iOS Data Storage Guidelines" at:
https://developer.apple.com/icloud/documentation/data-storage/
To disable web storage backup to iCloud, set the BackupWebStorage preference to "local" in the Cordova config.xml file

2014-12-12 14:12:43.356 GestorContenidos[9825:970526] [CDVTimer][splashscreen] 24.514019ms
2014-12-12 14:12:43.359 GestorContenidos[9825:970526] [CDVTimer][file] 2.709985ms
2014-12-12 14:12:43.359 GestorContenidos[9825:970526] [CDVTimer][TotalPluginStartup] 27.822018ms
2014-12-12 14:12:43.434 GestorContenidos[9825:970526] Resetting plugins due to page load.
2014-12-12 14:12:43.498 GestorContenidos[9825:970526] Finished load of: file:///Users/victor/Library/Developer/CoreSimulator/Devices/2515B339-37D3-484F-907E-E85C6C54A26E/data/Containers/Bundle/Application/B729DB4B-3BF1-4DA7-8C92-324E2E8B1ABD/GestorContenidos.app/www/index.html
2014-12-12 14:12:46.571 GestorContenidos[9825:970526] THREAD WARNING: ['File'] took '2950.344971' ms. Plugin should use a background thread.
2014-12-12 14:13:33.117 GestorContenidos[9936:972599] Apache Cordova native platform version 3.7.0 is starting.
2014-12-12 14:13:33.118 GestorContenidos[9936:972599] Multi-tasking -> Device: YES, App: YES
2014-12-12 14:13:33.120 GestorContenidos[9936:972599] Unlimited access to network resources
2014-12-12 14:13:33.125 GestorContenidos[9936:972599] 

Started backup to iCloud! Please be careful.
Your application might be rejected by Apple if you store too much data.
For more information please read "iOS Data Storage Guidelines" at:
https://developer.apple.com/icloud/documentation/data-storage/
To disable web storage backup to iCloud, set the BackupWebStorage preference to "local" in the Cordova config.xml file

2014-12-12 14:13:33.413 GestorContenidos[9936:972599] [CDVTimer][splashscreen] 26.017964ms
2014-12-12 14:13:33.416 GestorContenidos[9936:972599] [CDVTimer][file] 2.532959ms
2014-12-12 14:13:33.416 GestorContenidos[9936:972599] [CDVTimer][TotalPluginStartup] 28.907001ms
2014-12-12 14:13:33.487 GestorContenidos[9936:972599] Resetting plugins due to page load.
2014-12-12 14:13:33.547 GestorContenidos[9936:972599] Finished load of: file:///Users/victor/Library/Developer/CoreSimulator/Devices/2515B339-37D3-484F-907E-E85C6C54A26E/data/Containers/Bundle/Application/B5EDA1D3-9551-46F6-A6AF-6BE0BD3E4F7A/GestorContenidos.app/www/index.html
2014-12-12 14:14:00.739 GestorContenidos[9936:972599] THREAD WARNING: ['File'] took '27106.581299' ms. Plugin should use a background thread.
2014-12-12 14:14:00.744 GestorContenidos[9936:972612] void SendDelegateMessage(NSInvocation *): delegate (webView:decidePolicyForNavigationAction:request:frame:decisionListener:) failed to return after waiting 10 seconds. main run loop mode: kCFRunLoopDefaultMode
2014-12-12 14:19:11.768 GestorContenidos[9936:972599] Resetting plugins due to page load.
2014-12-12 14:19:15.167 GestorContenidos[9936:972599] Finished load of: http://www.mayoclinic.org/
2014-12-12 14:21:27.800 GestorContenidos[10112:976733] Apache Cordova native platform version 3.7.0 is starting.
2014-12-12 14:21:27.802 GestorContenidos[10112:976733] Multi-tasking -> Device: YES, App: YES
2014-12-12 14:21:27.804 GestorContenidos[10112:976733] Unlimited access to network resources
2014-12-12 14:21:27.807 GestorContenidos[10112:976733] 

Started backup to iCloud! Please be careful.
Your application might be rejected by Apple if you store too much data.
For more information please read "iOS Data Storage Guidelines" at:
https://developer.apple.com/icloud/documentation/data-storage/
To disable web storage backup to iCloud, set the BackupWebStorage preference to "local" in the Cordova config.xml file

2014-12-12 14:21:28.084 GestorContenidos[10112:976733] [CDVTimer][splashscreen] 21.991968ms
2014-12-12 14:21:28.087 GestorContenidos[10112:976733] [CDVTimer][file] 2.654016ms
2014-12-12 14:21:28.087 GestorContenidos[10112:976733] [CDVTimer][TotalPluginStartup] 25.061011ms
2014-12-12 14:21:28.173 GestorContenidos[10112:976733] Resetting plugins due to page load.
2014-12-12 14:21:28.251 GestorContenidos[10112:976733] Finished load of: file:///Users/victor/Library/Developer/CoreSimulator/Devices/2515B339-37D3-484F-907E-E85C6C54A26E/data/Containers/Bundle/Application/1CF0619C-602D-4047-8AEC-03770FA82209/GestorContenidos.app/www/index.html
2014-12-12 14:21:30.336 GestorContenidos[10112:976733] THREAD WARNING: ['File'] took '1985.605957' ms. Plugin should use a background thread.
2014-12-12 14:45:12.806 GestorContenidos[10379:1077284] Apache Cordova native platform version 3.7.0 is starting.
2014-12-12 14:45:12.807 GestorContenidos[10379:1077284] Multi-tasking -> Device: YES, App: YES
2014-12-12 14:45:12.808 GestorContenidos[10379:1077284] Unlimited access to network resources
2014-12-12 14:45:12.835 GestorContenidos[10379:1077284] 

Started backup to iCloud! Please be careful.
Your application might be rejected by Apple if you store too much data.
For more information please read "iOS Data Storage Guidelines" at:
https://developer.apple.com/icloud/documentation/data-storage/
To disable web storage backup to iCloud, set the BackupWebStorage preference to "local" in the Cordova config.xml file

2014-12-12 14:45:13.199 GestorContenidos[10379:1077284] [CDVTimer][splashscreen] 56.517005ms
2014-12-12 14:45:13.203 GestorContenidos[10379:1077284] [CDVTimer][file] 3.325999ms
2014-12-12 14:45:13.203 GestorContenidos[10379:1077284] [CDVTimer][TotalPluginStartup] 60.256004ms
2014-12-12 14:45:13.339 GestorContenidos[10379:1077284] Resetting plugins due to page load.
2014-12-12 14:45:13.463 GestorContenidos[10379:1077284] Finished load of: file:///Users/victor/Library/Developer/CoreSimulator/Devices/2515B339-37D3-484F-907E-E85C6C54A26E/data/Containers/Bundle/Application/1C1BBC91-EBF4-4B93-8A44-33AB6E41191F/GestorContenidos.app/www/index.html
2014-12-12 14:45:15.358 GestorContenidos[10379:1077284] THREAD WARNING: ['File'] took '1770.839111' ms. Plugin should use a background thread.
2014-12-12 14:45:17.867 GestorContenidos[10379:1077284] THREAD WARNING: ['File'] took '2499.293213' ms. Plugin should use a background thread.
2014-12-12 14:46:12.112 GestorContenidos[10540:1084221] Apache Cordova native platform version 3.7.0 is starting.
2014-12-12 14:46:12.114 GestorContenidos[10540:1084221] Multi-tasking -> Device: YES, App: YES
2014-12-12 14:46:12.115 GestorContenidos[10540:1084221] Unlimited access to network resources
2014-12-12 14:46:12.118 GestorContenidos[10540:1084221] 

Started backup to iCloud! Please be careful.
Your application might be rejected by Apple if you store too much data.
For more information please read "iOS Data Storage Guidelines" at:
https://developer.apple.com/icloud/documentation/data-storage/
To disable web storage backup to iCloud, set the BackupWebStorage preference to "local" in the Cordova config.xml file

2014-12-12 14:46:12.414 GestorContenidos[10540:1084221] [CDVTimer][splashscreen] 24.869978ms
2014-12-12 14:46:12.417 GestorContenidos[10540:1084221] [CDVTimer][file] 2.680004ms
2014-12-12 14:46:12.417 GestorContenidos[10540:1084221] [CDVTimer][TotalPluginStartup] 27.929008ms
2014-12-12 14:46:12.491 GestorContenidos[10540:1084221] Resetting plugins due to page load.
2014-12-12 14:46:12.556 GestorContenidos[10540:1084221] Finished load of: file:///Users/victor/Library/Developer/CoreSimulator/Devices/2515B339-37D3-484F-907E-E85C6C54A26E/data/Containers/Bundle/Application/2CF8832D-F767-46EA-80A4-FD1BC1FEFB8E/GestorContenidos.app/www/index.html
2014-12-12 14:46:15.125 GestorContenidos[10540:1084221] THREAD WARNING: ['File'] took '2454.958984' ms. Plugin should use a background thread.
2014-12-12 14:48:19.662 GestorContenidos[10701:1094034] Apache Cordova native platform version 3.7.0 is starting.
2014-12-12 14:48:19.663 GestorContenidos[10701:1094034] Multi-tasking -> Device: YES, App: YES
2014-12-12 14:48:19.665 GestorContenidos[10701:1094034] Unlimited access to network resources
2014-12-12 14:48:19.668 GestorContenidos[10701:1094034] 

Started backup to iCloud! Please be careful.
Your application might be rejected by Apple if you store too much data.
For more information please read "iOS Data Storage Guidelines" at:
https://developer.apple.com/icloud/documentation/data-storage/
To disable web storage backup to iCloud, set the BackupWebStorage preference to "local" in the Cordova config.xml file

2014-12-12 14:48:19.948 GestorContenidos[10701:1094034] [CDVTimer][splashscreen] 21.292031ms
2014-12-12 14:48:19.951 GestorContenidos[10701:1094034] [CDVTimer][file] 2.525985ms
2014-12-12 14:48:19.951 GestorContenidos[10701:1094034] [CDVTimer][TotalPluginStartup] 24.172008ms
2014-12-12 14:48:20.023 GestorContenidos[10701:1094034] Resetting plugins due to page load.
2014-12-12 14:48:20.104 GestorContenidos[10701:1094034] Finished load of: file:///Users/victor/Library/Developer/CoreSimulator/Devices/2515B339-37D3-484F-907E-E85C6C54A26E/data/Containers/Bundle/Application/477A2B16-9477-4DDA-A1D0-9E8F83807E27/GestorContenidos.app/www/index.html
2014-12-12 14:48:22.113 GestorContenidos[10701:1094034] THREAD WARNING: ['File'] took '1909.301025' ms. Plugin should use a background thread.
2014-12-12 14:48:29.808 GestorContenidos[10701:1094034] Resetting plugins due to page load.
2014-12-12 14:48:29.889 GestorContenidos[10701:1094034] Finished load of: file:///Users/victor/Library/Developer/CoreSimulator/Devices/2515B339-37D3-484F-907E-E85C6C54A26E/data/Containers/Bundle/Application/477A2B16-9477-4DDA-A1D0-9E8F83807E27/GestorContenidos.app/www/subcategorias.html?valor=1
2014-12-12 14:48:31.615 GestorContenidos[10701:1094034] Resetting plugins due to page load.
2014-12-12 14:48:31.631 GestorContenidos[10701:1094034] Finished load of: file:///Users/victor/Library/Developer/CoreSimulator/Devices/2515B339-37D3-484F-907E-E85C6C54A26E/data/Containers/Bundle/Application/477A2B16-9477-4DDA-A1D0-9E8F83807E27/GestorContenidos.app/www/index.html
2014-12-12 14:48:33.259 GestorContenidos[10701:1094034] THREAD WARNING: ['File'] took '1577.474121' ms. Plugin should use a background thread.
2014-12-12 14:48:41.487 GestorContenidos[10701:1094034] Resetting plugins due to page load.
2014-12-12 14:48:41.520 GestorContenidos[10701:1094034] Finished load of: file:///Users/victor/Library/Developer/CoreSimulator/Devices/2515B339-37D3-484F-907E-E85C6C54A26E/data/Containers/Bundle/Application/477A2B16-9477-4DDA-A1D0-9E8F83807E27/GestorContenidos.app/www/subcategorias.html?valor=1
2014-12-12 14:48:44.741 GestorContenidos[10701:1094034] Resetting plugins due to page load.
2014-12-12 14:48:47.246 GestorContenidos[10701:1094034] Finished load of: http://www.mayoclinic.org/appointments/find-a-doctor
2014-12-12 14:52:44.224 GestorContenidos[10942:1108243] Apache Cordova native platform version 3.7.0 is starting.
2014-12-12 14:52:44.226 GestorContenidos[10942:1108243] Multi-tasking -> Device: YES, App: YES
2014-12-12 14:52:44.227 GestorContenidos[10942:1108243] Unlimited access to network resources
2014-12-12 14:52:44.230 GestorContenidos[10942:1108243] 

Started backup to iCloud! Please be careful.
Your application might be rejected by Apple if you store too much data.
For more information please read "iOS Data Storage Guidelines" at:
https://developer.apple.com/icloud/documentation/data-storage/
To disable web storage backup to iCloud, set the BackupWebStorage preference to "local" in the Cordova config.xml file

2014-12-12 14:52:44.532 GestorContenidos[10942:1108243] [CDVTimer][splashscreen] 47.158003ms
2014-12-12 14:52:44.536 GestorContenidos[10942:1108243] [CDVTimer][file] 2.978027ms
2014-12-12 14:52:44.536 GestorContenidos[10942:1108243] [CDVTimer][TotalPluginStartup] 50.556004ms
2014-12-12 14:52:44.648 GestorContenidos[10942:1108243] Resetting plugins due to page load.
2014-12-12 14:52:44.722 GestorContenidos[10942:1108243] Finished load of: file:///Users/victor/Library/Developer/CoreSimulator/Devices/2515B339-37D3-484F-907E-E85C6C54A26E/data/Containers/Bundle/Application/2A8B1B44-0182-4C14-B9C0-621AE2D2DE98/GestorContenidos.app/www/index.html
2014-12-12 14:52:48.449 GestorContenidos[10942:1108243] Resetting plugins due to page load.
2014-12-12 14:52:48.482 GestorContenidos[10942:1108243] Finished load of: file:///Users/victor/Library/Developer/CoreSimulator/Devices/2515B339-37D3-484F-907E-E85C6C54A26E/data/Containers/Bundle/Application/2A8B1B44-0182-4C14-B9C0-621AE2D2DE98/GestorContenidos.app/www/subcategorias.html?valor=1
2014-12-12 14:52:50.085 GestorContenidos[10942:1108243] Resetting plugins due to page load.
2014-12-12 14:52:50.104 GestorContenidos[10942:1108243] Finished load of: file:///Users/victor/Library/Developer/CoreSimulator/Devices/2515B339-37D3-484F-907E-E85C6C54A26E/data/Containers/Bundle/Application/2A8B1B44-0182-4C14-B9C0-621AE2D2DE98/GestorContenidos.app/www/index.html
2014-12-12 14:52:52.270 GestorContenidos[10942:1108243] Resetting plugins due to page load.
2014-12-12 14:52:52.291 GestorContenidos[10942:1108243] Finished load of: file:///Users/victor/Library/Developer/CoreSimulator/Devices/2515B339-37D3-484F-907E-E85C6C54A26E/data/Containers/Bundle/Application/2A8B1B44-0182-4C14-B9C0-621AE2D2DE98/GestorContenidos.app/www/opciones.html
2014-12-12 14:53:01.590 GestorContenidos[10942:1108243] Resetting plugins due to page load.
2014-12-12 14:53:03.318 GestorContenidos[10942:1108243] Finished load of: http://www.mayoclinic.org/about-mayo-clinic/notice-of-privacy-practices
2014-12-12 14:58:04.390 GestorContenidos[11128:1116296] Apache Cordova native platform version 3.7.0 is starting.
2014-12-12 14:58:04.391 GestorContenidos[11128:1116296] Multi-tasking -> Device: YES, App: YES
2014-12-12 14:58:04.392 GestorContenidos[11128:1116296] Unlimited access to network resources
2014-12-12 14:58:04.395 GestorContenidos[11128:1116296] 

Started backup to iCloud! Please be careful.
Your application might be rejected by Apple if you store too much data.
For more information please read "iOS Data Storage Guidelines" at:
https://developer.apple.com/icloud/documentation/data-storage/
To disable web storage backup to iCloud, set the BackupWebStorage preference to "local" in the Cordova config.xml file

2014-12-12 14:58:04.738 GestorContenidos[11128:1116296] [CDVTimer][splashscreen] 69.709003ms
2014-12-12 14:58:04.742 GestorContenidos[11128:1116296] [CDVTimer][file] 3.268003ms
2014-12-12 14:58:04.742 GestorContenidos[11128:1116296] [CDVTimer][TotalPluginStartup] 73.422015ms
2014-12-12 14:58:04.873 GestorContenidos[11128:1116296] Resetting plugins due to page load.
2014-12-12 14:58:04.955 GestorContenidos[11128:1116296] Finished load of: file:///Users/victor/Library/Developer/CoreSimulator/Devices/2515B339-37D3-484F-907E-E85C6C54A26E/data/Containers/Bundle/Application/0B61DF50-85CB-4DC1-BBE4-86803DE5BF21/GestorContenidos.app/www/index.html
2014-12-12 15:07:17.687 GestorContenidos[11128:1116296] Resetting plugins due to page load.
2014-12-12 15:07:17.724 GestorContenidos[11128:1116296] Finished load of: file:///Users/victor/Library/Developer/CoreSimulator/Devices/2515B339-37D3-484F-907E-E85C6C54A26E/data/Containers/Bundle/Application/0B61DF50-85CB-4DC1-BBE4-86803DE5BF21/GestorContenidos.app/www/subcategorias.html?valor=1
2014-12-12 15:07:19.440 GestorContenidos[11128:1116296] Resetting plugins due to page load.
2014-12-12 15:07:19.458 GestorContenidos[11128:1116296] Finished load of: file:///Users/victor/Library/Developer/CoreSimulator/Devices/2515B339-37D3-484F-907E-E85C6C54A26E/data/Containers/Bundle/Application/0B61DF50-85CB-4DC1-BBE4-86803DE5BF21/GestorContenidos.app/www/index.html
2014-12-12 15:07:21.578 GestorContenidos[11128:1116296] Resetting plugins due to page load.
2014-12-12 15:07:21.599 GestorContenidos[11128:1116296] Finished load of: file:///Users/victor/Library/Developer/CoreSimulator/Devices/2515B339-37D3-484F-907E-E85C6C54A26E/data/Containers/Bundle/Application/0B61DF50-85CB-4DC1-BBE4-86803DE5BF21/GestorContenidos.app/www/opciones.html
2014-12-12 15:07:23.724 GestorContenidos[11128:1116296] Resetting plugins due to page load.
2014-12-12 15:07:25.647 GestorContenidos[11128:1116296] Finished load of: http://www.mayoclinic.org/about-mayo-clinic/notice-of-privacy-practices
2014-12-12 15:07:28.802 GestorContenidos[11128:1118371] Terminating since there is no system app.
2014-12-15 17:56:54.222 GestorContenidos[11851:1558932] Apache Cordova native platform version 3.7.0 is starting.
2014-12-15 17:56:54.236 GestorContenidos[11851:1558932] Multi-tasking -> Device: YES, App: YES
2014-12-15 17:56:54.270 GestorContenidos[11851:1558932] Unlimited access to network resources
2014-12-15 17:56:54.314 GestorContenidos[11851:1558932] 

Started backup to iCloud! Please be careful.
Your application might be rejected by Apple if you store too much data.
For more information please read "iOS Data Storage Guidelines" at:
https://developer.apple.com/icloud/documentation/data-storage/
To disable web storage backup to iCloud, set the BackupWebStorage preference to "local" in the Cordova config.xml file

2014-12-15 17:56:55.608 GestorContenidos[11851:1558932] [CDVTimer][splashscreen] 435.947001ms
2014-12-15 17:56:55.679 GestorContenidos[11851:1558932] [CDVTimer][file] 62.599003ms
2014-12-15 17:56:55.679 GestorContenidos[11851:1558932] [CDVTimer][TotalPluginStartup] 506.516993ms
2014-12-15 17:56:56.325 GestorContenidos[11851:1558932] Resetting plugins due to page load.
2014-12-15 17:56:56.671 GestorContenidos[11851:1558932] Finished load of: file:///Users/victor/Library/Developer/CoreSimulator/Devices/2515B339-37D3-484F-907E-E85C6C54A26E/data/Containers/Bundle/Application/79073C0A-0F6B-4BC4-BFF3-4D4D52A8DE4C/GestorContenidos.app/www/index.html
2014-12-15 17:57:35.347 GestorContenidos[11851:1558932] Resetting plugins due to page load.
2014-12-15 17:57:35.393 GestorContenidos[11851:1558932] Finished load of: file:///Users/victor/Library/Developer/CoreSimulator/Devices/2515B339-37D3-484F-907E-E85C6C54A26E/data/Containers/Bundle/Application/79073C0A-0F6B-4BC4-BFF3-4D4D52A8DE4C/GestorContenidos.app/www/subcategorias.html?valor=1
2014-12-15 17:57:37.968 GestorContenidos[11851:1558932] Resetting plugins due to page load.
2014-12-15 17:57:37.992 GestorContenidos[11851:1558932] Finished load of: file:///Users/victor/Library/Developer/CoreSimulator/Devices/2515B339-37D3-484F-907E-E85C6C54A26E/data/Containers/Bundle/Application/79073C0A-0F6B-4BC4-BFF3-4D4D52A8DE4C/GestorContenidos.app/www/index.html
2014-12-15 17:57:40.363 GestorContenidos[11851:1558932] Resetting plugins due to page load.
2014-12-15 17:57:40.504 GestorContenidos[11851:1558932] Finished load of: file:///Users/victor/Library/Developer/CoreSimulator/Devices/2515B339-37D3-484F-907E-E85C6C54A26E/data/Containers/Bundle/Application/79073C0A-0F6B-4BC4-BFF3-4D4D52A8DE4C/GestorContenidos.app/www/navegador.html?var=http://www.mayo.edu/education/?_ga=1.224352156.667299883.1416995256
2014-12-15 17:57:52.664 GestorContenidos[11851:1558932] Resetting plugins due to page load.
2014-12-15 17:57:52.696 GestorContenidos[11851:1558932] Finished load of: file:///Users/victor/Library/Developer/CoreSimulator/Devices/2515B339-37D3-484F-907E-E85C6C54A26E/data/Containers/Bundle/Application/79073C0A-0F6B-4BC4-BFF3-4D4D52A8DE4C/GestorContenidos.app/www/index.html
2014-12-15 17:57:55.094 GestorContenidos[11851:1558932] Resetting plugins due to page load.
2014-12-15 17:57:55.121 GestorContenidos[11851:1558932] Finished load of: file:///Users/victor/Library/Developer/CoreSimulator/Devices/2515B339-37D3-484F-907E-E85C6C54A26E/data/Containers/Bundle/Application/79073C0A-0F6B-4BC4-BFF3-4D4D52A8DE4C/GestorContenidos.app/www/navegador.html?var=http://www.mayoclinic.org
2014-12-15 18:00:33.634 GestorContenidos[11851:1558932] Resetting plugins due to page load.
2014-12-15 18:00:33.725 GestorContenidos[11851:1558932] Finished load of: file:///Users/victor/Library/Developer/CoreSimulator/Devices/2515B339-37D3-484F-907E-E85C6C54A26E/data/Containers/Bundle/Application/79073C0A-0F6B-4BC4-BFF3-4D4D52A8DE4C/GestorContenidos.app/www/index.html
2014-12-15 18:00:46.979 GestorContenidos[11851:1558932] Resetting plugins due to page load.
2014-12-15 18:00:47.014 GestorContenidos[11851:1558932] Finished load of: file:///Users/victor/Library/Developer/CoreSimulator/Devices/2515B339-37D3-484F-907E-E85C6C54A26E/data/Containers/Bundle/Application/79073C0A-0F6B-4BC4-BFF3-4D4D52A8DE4C/GestorContenidos.app/www/subcategorias.html?valor=1
2014-12-15 18:00:49.274 GestorContenidos[11851:1558932] Resetting plugins due to page load.
2014-12-15 18:00:49.305 GestorContenidos[11851:1558932] Finished load of: file:///Users/victor/Library/Developer/CoreSimulator/Devices/2515B339-37D3-484F-907E-E85C6C54A26E/data/Containers/Bundle/Application/79073C0A-0F6B-4BC4-BFF3-4D4D52A8DE4C/GestorContenidos.app/www/navegador.html?var=http://www.mayoclinic.org/departments-centers/index
2014-12-15 18:00:59.296 GestorContenidos[11851:1558932] Resetting plugins due to page load.
2014-12-15 18:00:59.315 GestorContenidos[11851:1558932] Finished load of: file:///Users/victor/Library/Developer/CoreSimulator/Devices/2515B339-37D3-484F-907E-E85C6C54A26E/data/Containers/Bundle/Application/79073C0A-0F6B-4BC4-BFF3-4D4D52A8DE4C/GestorContenidos.app/www/subcategorias.html?valor=1
2014-12-15 18:01:01.166 GestorContenidos[11851:1558932] Resetting plugins due to page load.
2014-12-15 18:01:01.192 GestorContenidos[11851:1558932] Finished load of: file:///Users/victor/Library/Developer/CoreSimulator/Devices/2515B339-37D3-484F-907E-E85C6C54A26E/data/Containers/Bundle/Application/79073C0A-0F6B-4BC4-BFF3-4D4D52A8DE4C/GestorContenidos.app/www/index.html
2014-12-15 18:01:03.098 GestorContenidos[11851:1558932] Resetting plugins due to page load.
2014-12-15 18:01:03.128 GestorContenidos[11851:1558932] Finished load of: file:///Users/victor/Library/Developer/CoreSimulator/Devices/2515B339-37D3-484F-907E-E85C6C54A26E/data/Containers/Bundle/Application/79073C0A-0F6B-4BC4-BFF3-4D4D52A8DE4C/GestorContenidos.app/www/subcategorias.html?valor=1
2014-12-15 18:01:04.472 GestorContenidos[11851:1558932] Resetting plugins due to page load.
2014-12-15 18:01:04.498 GestorContenidos[11851:1558932] Finished load of: file:///Users/victor/Library/Developer/CoreSimulator/Devices/2515B339-37D3-484F-907E-E85C6C54A26E/data/Containers/Bundle/Application/79073C0A-0F6B-4BC4-BFF3-4D4D52A8DE4C/GestorContenidos.app/www/index.html
2014-12-15 18:01:06.759 GestorContenidos[11851:1558932] Resetting plugins due to page load.
2014-12-15 18:01:06.786 GestorContenidos[11851:1558932] Finished load of: file:///Users/victor/Library/Developer/CoreSimulator/Devices/2515B339-37D3-484F-907E-E85C6C54A26E/data/Containers/Bundle/Application/79073C0A-0F6B-4BC4-BFF3-4D4D52A8DE4C/GestorContenidos.app/www/subcategorias.html?valor=1
2014-12-15 18:01:09.925 GestorContenidos[11851:1558932] Resetting plugins due to page load.
2014-12-15 18:01:09.956 GestorContenidos[11851:1558932] Finished load of: file:///Users/victor/Library/Developer/CoreSimulator/Devices/2515B339-37D3-484F-907E-E85C6C54A26E/data/Containers/Bundle/Application/79073C0A-0F6B-4BC4-BFF3-4D4D52A8DE4C/GestorContenidos.app/www/index.html
2014-12-15 18:01:18.187 GestorContenidos[11851:1558932] Resetting plugins due to page load.
2014-12-15 18:01:18.229 GestorContenidos[11851:1558932] Finished load of: file:///Users/victor/Library/Developer/CoreSimulator/Devices/2515B339-37D3-484F-907E-E85C6C54A26E/data/Containers/Bundle/Application/79073C0A-0F6B-4BC4-BFF3-4D4D52A8DE4C/GestorContenidos.app/www/navegador.html?var=http://www.mayoclinic.org/medical-professionals
2014-12-15 18:01:25.440 GestorContenidos[11851:1558932] Resetting plugins due to page load.
2014-12-15 18:01:25.459 GestorContenidos[11851:1558932] Finished load of: file:///Users/victor/Library/Developer/CoreSimulator/Devices/2515B339-37D3-484F-907E-E85C6C54A26E/data/Containers/Bundle/Application/79073C0A-0F6B-4BC4-BFF3-4D4D52A8DE4C/GestorContenidos.app/www/index.html
2014-12-16 10:49:06.141 GestorContenidos[2004:125757] Apache Cordova native platform version 3.7.0 is starting.
2014-12-16 10:49:06.144 GestorContenidos[2004:125757] Multi-tasking -> Device: YES, App: YES
2014-12-16 10:49:06.177 GestorContenidos[2004:125757] Unlimited access to network resources
2014-12-16 10:49:06.198 GestorContenidos[2004:125757] 

Started backup to iCloud! Please be careful.
Your application might be rejected by Apple if you store too much data.
For more information please read "iOS Data Storage Guidelines" at:
https://developer.apple.com/icloud/documentation/data-storage/
To disable web storage backup to iCloud, set the BackupWebStorage preference to "local" in the Cordova config.xml file

2014-12-16 10:49:07.543 GestorContenidos[2004:125757] [CDVTimer][splashscreen] 332.962990ms
2014-12-16 10:49:07.581 GestorContenidos[2004:125757] [CDVTimer][file] 37.869990ms
2014-12-16 10:49:07.581 GestorContenidos[2004:125757] [CDVTimer][TotalPluginStartup] 371.214032ms
2014-12-16 10:49:08.039 GestorContenidos[2004:125757] Resetting plugins due to page load.
2014-12-16 10:49:08.293 GestorContenidos[2004:125757] Finished load of: file:///Users/victor/Library/Developer/CoreSimulator/Devices/2515B339-37D3-484F-907E-E85C6C54A26E/data/Containers/Bundle/Application/17D202BD-9E8D-4E9F-B346-7AC0A84CAA38/GestorContenidos.app/www/index.html
2014-12-16 10:49:41.383 GestorContenidos[2004:128649] Terminating since there is no system app.
2014-12-16 10:50:59.039 GestorContenidos[2264:140428] Apache Cordova native platform version 3.7.0 is starting.
2014-12-16 10:50:59.040 GestorContenidos[2264:140428] Multi-tasking -> Device: YES, App: YES
2014-12-16 10:50:59.041 GestorContenidos[2264:140428] Unlimited access to network resources
2014-12-16 10:50:59.045 GestorContenidos[2264:140428] 

Started backup to iCloud! Please be careful.
Your application might be rejected by Apple if you store too much data.
For more information please read "iOS Data Storage Guidelines" at:
https://developer.apple.com/icloud/documentation/data-storage/
To disable web storage backup to iCloud, set the BackupWebStorage preference to "local" in the Cordova config.xml file

2014-12-16 10:50:59.358 GestorContenidos[2264:140428] [CDVTimer][splashscreen] 23.032010ms
2014-12-16 10:50:59.361 GestorContenidos[2264:140428] [CDVTimer][file] 3.220022ms
2014-12-16 10:50:59.361 GestorContenidos[2264:140428] [CDVTimer][TotalPluginStartup] 26.665986ms
2014-12-16 10:50:59.455 GestorContenidos[2264:140428] Resetting plugins due to page load.
2014-12-16 10:50:59.528 GestorContenidos[2264:140428] Finished load of: file:///Users/victor/Library/Developer/CoreSimulator/Devices/2515B339-37D3-484F-907E-E85C6C54A26E/data/Containers/Bundle/Application/BDAFBA42-EF51-43A3-B9BC-7083E52DE49E/GestorContenidos.app/www/index.html
2014-12-16 10:58:54.276 GestorContenidos[2434:172411] Apache Cordova native platform version 3.7.0 is starting.
2014-12-16 10:58:54.278 GestorContenidos[2434:172411] Multi-tasking -> Device: YES, App: YES
2014-12-16 10:58:54.279 GestorContenidos[2434:172411] Unlimited access to network resources
2014-12-16 10:58:54.283 GestorContenidos[2434:172411] 

Started backup to iCloud! Please be careful.
Your application might be rejected by Apple if you store too much data.
For more information please read "iOS Data Storage Guidelines" at:
https://developer.apple.com/icloud/documentation/data-storage/
To disable web storage backup to iCloud, set the BackupWebStorage preference to "local" in the Cordova config.xml file

2014-12-16 10:58:54.616 GestorContenidos[2434:172411] [CDVTimer][splashscreen] 22.569001ms
2014-12-16 10:58:54.619 GestorContenidos[2434:172411] [CDVTimer][file] 2.802968ms
2014-12-16 10:58:54.619 GestorContenidos[2434:172411] [CDVTimer][TotalPluginStartup] 25.759995ms
2014-12-16 10:58:54.709 GestorContenidos[2434:172411] Resetting plugins due to page load.
2014-12-16 10:58:54.816 GestorContenidos[2434:172411] Finished load of: file:///Users/victor/Library/Developer/CoreSimulator/Devices/2515B339-37D3-484F-907E-E85C6C54A26E/data/Containers/Bundle/Application/B4A4F013-6E48-4192-B75B-ACFFF4E4FDDA/GestorContenidos.app/www/index.html
2014-12-16 11:00:10.994 GestorContenidos[2434:172411] Resetting plugins due to page load.
2014-12-16 11:00:11.092 GestorContenidos[2434:172411] Finished load of: file:///Users/victor/Library/Developer/CoreSimulator/Devices/2515B339-37D3-484F-907E-E85C6C54A26E/data/Containers/Bundle/Application/B4A4F013-6E48-4192-B75B-ACFFF4E4FDDA/GestorContenidos.app/www/navegador.html?var=http://www.mayo.edu/education/?_ga=1.224352156.667299883.1416995256
2014-12-16 11:00:26.290 GestorContenidos[2434:172411] Resetting plugins due to page load.
2014-12-16 11:00:26.333 GestorContenidos[2434:172411] Finished load of: file:///Users/victor/Library/Developer/CoreSimulator/Devices/2515B339-37D3-484F-907E-E85C6C54A26E/data/Containers/Bundle/Application/B4A4F013-6E48-4192-B75B-ACFFF4E4FDDA/GestorContenidos.app/www/navegador.html?var=http://www.mayo.edu/education/?_ga=1.224352156.667299883.1416995256
2014-12-16 11:00:28.702 GestorContenidos[2434:172411] Resetting plugins due to page load.
2014-12-16 11:00:28.720 GestorContenidos[2434:172411] Finished load of: file:///Users/victor/Library/Developer/CoreSimulator/Devices/2515B339-37D3-484F-907E-E85C6C54A26E/data/Containers/Bundle/Application/B4A4F013-6E48-4192-B75B-ACFFF4E4FDDA/GestorContenidos.app/www/navegador.html?var=http://www.mayo.edu/education/?_ga=1.224352156.667299883.1416995256
2014-12-16 11:00:30.052 GestorContenidos[2434:172411] Resetting plugins due to page load.
2014-12-16 11:00:30.072 GestorContenidos[2434:172411] Finished load of: file:///Users/victor/Library/Developer/CoreSimulator/Devices/2515B339-37D3-484F-907E-E85C6C54A26E/data/Containers/Bundle/Application/B4A4F013-6E48-4192-B75B-ACFFF4E4FDDA/GestorContenidos.app/www/navegador.html?var=http://www.mayo.edu/education/?_ga=1.224352156.667299883.1416995256
2014-12-16 11:00:32.239 GestorContenidos[2434:172411] Resetting plugins due to page load.
2014-12-16 11:00:32.265 GestorContenidos[2434:172411] Finished load of: file:///Users/victor/Library/Developer/CoreSimulator/Devices/2515B339-37D3-484F-907E-E85C6C54A26E/data/Containers/Bundle/Application/B4A4F013-6E48-4192-B75B-ACFFF4E4FDDA/GestorContenidos.app/www/opciones.html
2014-12-16 11:00:36.056 GestorContenidos[2434:172411] Resetting plugins due to page load.
2014-12-16 11:00:36.087 GestorContenidos[2434:172411] Finished load of: file:///Users/victor/Library/Developer/CoreSimulator/Devices/2515B339-37D3-484F-907E-E85C6C54A26E/data/Containers/Bundle/Application/B4A4F013-6E48-4192-B75B-ACFFF4E4FDDA/GestorContenidos.app/www/index.html
2014-12-16 11:08:53.660 GestorContenidos[2720:229945] Apache Cordova native platform version 3.7.0 is starting.
2014-12-16 11:08:53.661 GestorContenidos[2720:229945] Multi-tasking -> Device: YES, App: YES
2014-12-16 11:08:53.662 GestorContenidos[2720:229945] Unlimited access to network resources
2014-12-16 11:08:53.665 GestorContenidos[2720:229945] 

Started backup to iCloud! Please be careful.
Your application might be rejected by Apple if you store too much data.
For more information please read "iOS Data Storage Guidelines" at:
https://developer.apple.com/icloud/documentation/data-storage/
To disable web storage backup to iCloud, set the BackupWebStorage preference to "local" in the Cordova config.xml file

2014-12-16 11:08:53.958 GestorContenidos[2720:229945] [CDVTimer][splashscreen] 37.524998ms
2014-12-16 11:08:53.961 GestorContenidos[2720:229945] [CDVTimer][file] 2.534032ms
2014-12-16 11:08:53.961 GestorContenidos[2720:229945] [CDVTimer][TotalPluginStartup] 40.408015ms
2014-12-16 11:08:54.047 GestorContenidos[2720:229945] Resetting plugins due to page load.
2014-12-16 11:08:54.130 GestorContenidos[2720:229945] Finished load of: file:///Users/victor/Library/Developer/CoreSimulator/Devices/2515B339-37D3-484F-907E-E85C6C54A26E/data/Containers/Bundle/Application/56759F8C-146D-4429-8CB7-700E6F75E173/GestorContenidos.app/www/index.html
2014-12-16 11:08:59.032 GestorContenidos[2720:229945] Resetting plugins due to page load.
2014-12-16 11:08:59.069 GestorContenidos[2720:229945] Finished load of: file:///Users/victor/Library/Developer/CoreSimulator/Devices/2515B339-37D3-484F-907E-E85C6C54A26E/data/Containers/Bundle/Application/56759F8C-146D-4429-8CB7-700E6F75E173/GestorContenidos.app/www/navegador.html?var=http://www.mayoclinic.org/products-services
2014-12-16 11:09:53.629 GestorContenidos[2720:237490] Terminating since there is no system app.
2014-12-16 11:10:08.532 GestorContenidos[2890:238436] Apache Cordova native platform version 3.7.0 is starting.
2014-12-16 11:10:08.533 GestorContenidos[2890:238436] Multi-tasking -> Device: YES, App: YES
2014-12-16 11:10:08.535 GestorContenidos[2890:238436] Unlimited access to network resources
2014-12-16 11:10:08.537 GestorContenidos[2890:238436] 

Started backup to iCloud! Please be careful.
Your application might be rejected by Apple if you store too much data.
For more information please read "iOS Data Storage Guidelines" at:
https://developer.apple.com/icloud/documentation/data-storage/
To disable web storage backup to iCloud, set the BackupWebStorage preference to "local" in the Cordova config.xml file

2014-12-16 11:10:08.849 GestorContenidos[2890:238436] [CDVTimer][splashscreen] 22.998035ms
2014-12-16 11:10:08.852 GestorContenidos[2890:238436] [CDVTimer][file] 2.535045ms
2014-12-16 11:10:08.852 GestorContenidos[2890:238436] [CDVTimer][TotalPluginStartup] 25.891960ms
2014-12-16 11:10:08.935 GestorContenidos[2890:238436] Resetting plugins due to page load.
2014-12-16 11:10:09.011 GestorContenidos[2890:238436] Finished load of: file:///Users/victor/Library/Developer/CoreSimulator/Devices/2515B339-37D3-484F-907E-E85C6C54A26E/data/Containers/Bundle/Application/7A7D1FC9-A557-471A-B84C-F4CD02C4075A/GestorContenidos.app/www/index.html
2014-12-16 11:10:28.636 GestorContenidos[2890:238436] Resetting plugins due to page load.
2014-12-16 11:10:28.674 GestorContenidos[2890:238436] Finished load of: file:///Users/victor/Library/Developer/CoreSimulator/Devices/2515B339-37D3-484F-907E-E85C6C54A26E/data/Containers/Bundle/Application/7A7D1FC9-A557-471A-B84C-F4CD02C4075A/GestorContenidos.app/www/subcategorias.html?valor=1
2014-12-16 11:10:38.756 GestorContenidos[2890:238436] Resetting plugins due to page load.
2014-12-16 11:10:38.783 GestorContenidos[2890:238436] Finished load of: file:///Users/victor/Library/Developer/CoreSimulator/Devices/2515B339-37D3-484F-907E-E85C6C54A26E/data/Containers/Bundle/Application/7A7D1FC9-A557-471A-B84C-F4CD02C4075A/GestorContenidos.app/www/opciones.html
2014-12-16 11:10:45.503 GestorContenidos[2890:238436] Resetting plugins due to page load.
2014-12-16 11:10:45.529 GestorContenidos[2890:238436] Finished load of: file:///Users/victor/Library/Developer/CoreSimulator/Devices/2515B339-37D3-484F-907E-E85C6C54A26E/data/Containers/Bundle/Application/7A7D1FC9-A557-471A-B84C-F4CD02C4075A/GestorContenidos.app/www/index.html
2014-12-16 11:35:39.510 GestorContenidos[3383:310979] Apache Cordova native platform version 3.7.0 is starting.
2014-12-16 11:35:39.511 GestorContenidos[3383:310979] Multi-tasking -> Device: YES, App: YES
2014-12-16 11:35:39.513 GestorContenidos[3383:310979] Unlimited access to network resources
2014-12-16 11:35:39.516 GestorContenidos[3383:310979] 

Started backup to iCloud! Please be careful.
Your application might be rejected by Apple if you store too much data.
For more information please read "iOS Data Storage Guidelines" at:
https://developer.apple.com/icloud/documentation/data-storage/
To disable web storage backup to iCloud, set the BackupWebStorage preference to "local" in the Cordova config.xml file

2014-12-16 11:35:39.981 GestorContenidos[3383:310979] [CDVTimer][splashscreen] 151.826024ms
2014-12-16 11:35:39.985 GestorContenidos[3383:310979] [CDVTimer][file] 3.000975ms
2014-12-16 11:35:39.985 GestorContenidos[3383:310979] [CDVTimer][TotalPluginStartup] 155.218005ms
2014-12-16 11:35:40.169 GestorContenidos[3383:310979] Resetting plugins due to page load.
2014-12-16 11:35:40.320 GestorContenidos[3383:310979] Finished load of: file:///Users/victor/Library/Developer/CoreSimulator/Devices/2515B339-37D3-484F-907E-E85C6C54A26E/data/Containers/Bundle/Application/3A027469-A6F0-4C91-B05F-00A033358CF5/GestorContenidos.app/www/index.html
2014-12-16 11:36:28.556 GestorContenidos[3383:310979] Resetting plugins due to page load.
2014-12-16 11:36:28.707 GestorContenidos[3383:310979] Finished load of: file:///Users/victor/Library/Developer/CoreSimulator/Devices/2515B339-37D3-484F-907E-E85C6C54A26E/data/Containers/Bundle/Application/3A027469-A6F0-4C91-B05F-00A033358CF5/GestorContenidos.app/www/navegador.html?var=http://www.mayo.edu/education/?_ga=1.224352156.667299883.1416995256
2014-12-16 11:36:35.497 GestorContenidos[3383:310979] Resetting plugins due to page load.
2014-12-16 11:36:35.535 GestorContenidos[3383:310979] Finished load of: file:///Users/victor/Library/Developer/CoreSimulator/Devices/2515B339-37D3-484F-907E-E85C6C54A26E/data/Containers/Bundle/Application/3A027469-A6F0-4C91-B05F-00A033358CF5/GestorContenidos.app/www/navegador.html?var=http://www.mayo.edu/education/?_ga=1.224352156.667299883.1416995256
2014-12-16 11:36:43.105 GestorContenidos[3383:310979] Resetting plugins due to page load.
2014-12-16 11:36:43.156 GestorContenidos[3383:310979] Finished load of: file:///Users/victor/Library/Developer/CoreSimulator/Devices/2515B339-37D3-484F-907E-E85C6C54A26E/data/Containers/Bundle/Application/3A027469-A6F0-4C91-B05F-00A033358CF5/GestorContenidos.app/www/navegador.html?var=http://www.mayo.edu/education/?_ga=1.224352156.667299883.1416995256
2014-12-16 11:36:46.793 GestorContenidos[3383:310979] Resetting plugins due to page load.
2014-12-16 11:36:46.843 GestorContenidos[3383:310979] Finished load of: file:///Users/victor/Library/Developer/CoreSimulator/Devices/2515B339-37D3-484F-907E-E85C6C54A26E/data/Containers/Bundle/Application/3A027469-A6F0-4C91-B05F-00A033358CF5/GestorContenidos.app/www/opciones.html
2014-12-16 11:36:48.174 GestorContenidos[3383:310979] Resetting plugins due to page load.
2014-12-16 11:36:48.204 GestorContenidos[3383:310979] Finished load of: file:///Users/victor/Library/Developer/CoreSimulator/Devices/2515B339-37D3-484F-907E-E85C6C54A26E/data/Containers/Bundle/Application/3A027469-A6F0-4C91-B05F-00A033358CF5/GestorContenidos.app/www/index.html
2014-12-16 11:42:27.184 GestorContenidos[3555:335260] Apache Cordova native platform version 3.7.0 is starting.
2014-12-16 11:42:27.185 GestorContenidos[3555:335260] Multi-tasking -> Device: YES, App: YES
2014-12-16 11:42:27.187 GestorContenidos[3555:335260] Unlimited access to network resources
2014-12-16 11:42:27.190 GestorContenidos[3555:335260] 

Started backup to iCloud! Please be careful.
Your application might be rejected by Apple if you store too much data.
For more information please read "iOS Data Storage Guidelines" at:
https://developer.apple.com/icloud/documentation/data-storage/
To disable web storage backup to iCloud, set the BackupWebStorage preference to "local" in the Cordova config.xml file

2014-12-16 11:42:27.704 GestorContenidos[3555:335260] [CDVTimer][splashscreen] 39.476991ms
2014-12-16 11:42:27.723 GestorContenidos[3555:335260] [CDVTimer][file] 18.130958ms
2014-12-16 11:42:27.723 GestorContenidos[3555:335260] [CDVTimer][TotalPluginStartup] 58.425963ms
2014-12-16 11:42:28.368 GestorContenidos[3555:335260] Resetting plugins due to page load.
2014-12-16 11:42:28.512 GestorContenidos[3555:335260] Finished load of: file:///Users/victor/Library/Developer/CoreSimulator/Devices/2515B339-37D3-484F-907E-E85C6C54A26E/data/Containers/Bundle/Application/B33986E0-FE35-4BAA-A3CA-D610A613BFC9/GestorContenidos.app/www/index.html
2014-12-16 11:42:41.640 GestorContenidos[3555:335281] Terminating since there is no system app.
2014-12-16 11:43:04.535 GestorContenidos[3716:339599] Apache Cordova native platform version 3.7.0 is starting.
2014-12-16 11:43:04.536 GestorContenidos[3716:339599] Multi-tasking -> Device: YES, App: YES
2014-12-16 11:43:04.538 GestorContenidos[3716:339599] Unlimited access to network resources
2014-12-16 11:43:04.541 GestorContenidos[3716:339599] 

Started backup to iCloud! Please be careful.
Your application might be rejected by Apple if you store too much data.
For more information please read "iOS Data Storage Guidelines" at:
https://developer.apple.com/icloud/documentation/data-storage/
To disable web storage backup to iCloud, set the BackupWebStorage preference to "local" in the Cordova config.xml file

2014-12-16 11:43:04.857 GestorContenidos[3716:339599] [CDVTimer][splashscreen] 37.243009ms
2014-12-16 11:43:04.860 GestorContenidos[3716:339599] [CDVTimer][file] 3.065944ms
2014-12-16 11:43:04.860 GestorContenidos[3716:339599] [CDVTimer][TotalPluginStartup] 40.780962ms
2014-12-16 11:43:04.945 GestorContenidos[3716:339599] Resetting plugins due to page load.
2014-12-16 11:43:05.050 GestorContenidos[3716:339599] Finished load of: file:///Users/victor/Library/Developer/CoreSimulator/Devices/2515B339-37D3-484F-907E-E85C6C54A26E/data/Containers/Bundle/Application/20E39511-C2D4-4DC3-86EA-495EBF4ABBEF/GestorContenidos.app/www/index.html
2014-12-16 11:43:42.721 GestorContenidos[3716:339599] Resetting plugins due to page load.
2014-12-16 11:43:42.763 GestorContenidos[3716:339599] Finished load of: file:///Users/victor/Library/Developer/CoreSimulator/Devices/2515B339-37D3-484F-907E-E85C6C54A26E/data/Containers/Bundle/Application/20E39511-C2D4-4DC3-86EA-495EBF4ABBEF/GestorContenidos.app/www/opciones.html
2014-12-16 11:43:47.214 GestorContenidos[3716:339599] Resetting plugins due to page load.
2014-12-16 11:43:47.243 GestorContenidos[3716:339599] Finished load of: file:///Users/victor/Library/Developer/CoreSimulator/Devices/2515B339-37D3-484F-907E-E85C6C54A26E/data/Containers/Bundle/Application/20E39511-C2D4-4DC3-86EA-495EBF4ABBEF/GestorContenidos.app/www/index.html
2014-12-16 11:54:40.861 GestorContenidos[4057:360250] Apache Cordova native platform version 3.7.0 is starting.
2014-12-16 11:54:40.862 GestorContenidos[4057:360250] Multi-tasking -> Device: YES, App: YES
2014-12-16 11:54:40.863 GestorContenidos[4057:360250] Unlimited access to network resources
2014-12-16 11:54:40.867 GestorContenidos[4057:360250] 

Started backup to iCloud! Please be careful.
Your application might be rejected by Apple if you store too much data.
For more information please read "iOS Data Storage Guidelines" at:
https://developer.apple.com/icloud/documentation/data-storage/
To disable web storage backup to iCloud, set the BackupWebStorage preference to "local" in the Cordova config.xml file

2014-12-16 11:54:41.145 GestorContenidos[4057:360250] [CDVTimer][splashscreen] 24.213016ms
2014-12-16 11:54:41.147 GestorContenidos[4057:360250] [CDVTimer][file] 2.528965ms
2014-12-16 11:54:41.147 GestorContenidos[4057:360250] [CDVTimer][TotalPluginStartup] 27.107000ms
2014-12-16 11:54:41.231 GestorContenidos[4057:360250] Resetting plugins due to page load.
2014-12-16 11:54:41.314 GestorContenidos[4057:360250] Finished load of: file:///Users/victor/Library/Developer/CoreSimulator/Devices/2515B339-37D3-484F-907E-E85C6C54A26E/data/Containers/Bundle/Application/610671F3-B000-4D96-9EE6-356126B517AF/GestorContenidos.app/www/index.html
2014-12-16 11:55:16.104 GestorContenidos[4057:364123] Terminating since there is no system app.
2014-12-16 11:55:29.754 GestorContenidos[4227:365533] Apache Cordova native platform version 3.7.0 is starting.
2014-12-16 11:55:29.755 GestorContenidos[4227:365533] Multi-tasking -> Device: YES, App: YES
2014-12-16 11:55:29.757 GestorContenidos[4227:365533] Unlimited access to network resources
2014-12-16 11:55:29.760 GestorContenidos[4227:365533] 

Started backup to iCloud! Please be careful.
Your application might be rejected by Apple if you store too much data.
For more information please read "iOS Data Storage Guidelines" at:
https://developer.apple.com/icloud/documentation/data-storage/
To disable web storage backup to iCloud, set the BackupWebStorage preference to "local" in the Cordova config.xml file

2014-12-16 11:55:30.086 GestorContenidos[4227:365533] [CDVTimer][splashscreen] 22.386968ms
2014-12-16 11:55:30.089 GestorContenidos[4227:365533] [CDVTimer][file] 2.719045ms
2014-12-16 11:55:30.089 GestorContenidos[4227:365533] [CDVTimer][TotalPluginStartup] 25.470018ms
2014-12-16 11:55:30.166 GestorContenidos[4227:365533] Resetting plugins due to page load.
2014-12-16 11:55:30.233 GestorContenidos[4227:365533] Finished load of: file:///Users/victor/Library/Developer/CoreSimulator/Devices/2515B339-37D3-484F-907E-E85C6C54A26E/data/Containers/Bundle/Application/9A7BAB44-1508-4CE6-B3A7-17756A3871F2/GestorContenidos.app/www/index.html
2014-12-16 11:58:43.172 GestorContenidos[4385:376792] Apache Cordova native platform version 3.7.0 is starting.
2014-12-16 11:58:43.173 GestorContenidos[4385:376792] Multi-tasking -> Device: YES, App: YES
2014-12-16 11:58:43.175 GestorContenidos[4385:376792] Unlimited access to network resources
2014-12-16 11:58:43.178 GestorContenidos[4385:376792] 

Started backup to iCloud! Please be careful.
Your application might be rejected by Apple if you store too much data.
For more information please read "iOS Data Storage Guidelines" at:
https://developer.apple.com/icloud/documentation/data-storage/
To disable web storage backup to iCloud, set the BackupWebStorage preference to "local" in the Cordova config.xml file

2014-12-16 11:58:43.501 GestorContenidos[4385:376792] [CDVTimer][splashscreen] 23.751020ms
2014-12-16 11:58:43.504 GestorContenidos[4385:376792] [CDVTimer][file] 2.839983ms
2014-12-16 11:58:43.504 GestorContenidos[4385:376792] [CDVTimer][TotalPluginStartup] 26.986957ms
2014-12-16 11:58:43.578 GestorContenidos[4385:376792] Resetting plugins due to page load.
2014-12-16 11:58:43.673 GestorContenidos[4385:376792] Finished load of: file:///Users/victor/Library/Developer/CoreSimulator/Devices/2515B339-37D3-484F-907E-E85C6C54A26E/data/Containers/Bundle/Application/3C194350-79BA-44B3-91B8-A8E094D0558B/GestorContenidos.app/www/index.html
2014-12-16 11:59:44.073 GestorContenidos[4385:378983] Terminating since there is no system app.
2014-12-16 11:59:55.533 GestorContenidos[4545:379677] Apache Cordova native platform version 3.7.0 is starting.
2014-12-16 11:59:55.535 GestorContenidos[4545:379677] Multi-tasking -> Device: YES, App: YES
2014-12-16 11:59:55.536 GestorContenidos[4545:379677] Unlimited access to network resources
2014-12-16 11:59:55.539 GestorContenidos[4545:379677] 

Started backup to iCloud! Please be careful.
Your application might be rejected by Apple if you store too much data.
For more information please read "iOS Data Storage Guidelines" at:
https://developer.apple.com/icloud/documentation/data-storage/
To disable web storage backup to iCloud, set the BackupWebStorage preference to "local" in the Cordova config.xml file

2014-12-16 11:59:55.848 GestorContenidos[4545:379677] [CDVTimer][splashscreen] 24.693966ms
2014-12-16 11:59:55.850 GestorContenidos[4545:379677] [CDVTimer][file] 2.519011ms
2014-12-16 11:59:55.850 GestorContenidos[4545:379677] [CDVTimer][TotalPluginStartup] 27.565002ms
2014-12-16 11:59:55.936 GestorContenidos[4545:379677] Resetting plugins due to page load.
2014-12-16 11:59:56.026 GestorContenidos[4545:379677] Finished load of: file:///Users/victor/Library/Developer/CoreSimulator/Devices/2515B339-37D3-484F-907E-E85C6C54A26E/data/Containers/Bundle/Application/60500B70-0FB7-4B9C-BEEE-89801BBE7004/GestorContenidos.app/www/index.html
2014-12-16 12:00:31.719 GestorContenidos[4716:383080] Apache Cordova native platform version 3.7.0 is starting.
2014-12-16 12:00:31.721 GestorContenidos[4716:383080] Multi-tasking -> Device: YES, App: YES
2014-12-16 12:00:31.723 GestorContenidos[4716:383080] Unlimited access to network resources
2014-12-16 12:00:31.725 GestorContenidos[4716:383080] 

Started backup to iCloud! Please be careful.
Your application might be rejected by Apple if you store too much data.
For more information please read "iOS Data Storage Guidelines" at:
https://developer.apple.com/icloud/documentation/data-storage/
To disable web storage backup to iCloud, set the BackupWebStorage preference to "local" in the Cordova config.xml file

2014-12-16 12:00:32.029 GestorContenidos[4716:383080] [CDVTimer][splashscreen] 37.190020ms
2014-12-16 12:00:32.032 GestorContenidos[4716:383080] [CDVTimer][file] 2.852976ms
2014-12-16 12:00:32.032 GestorContenidos[4716:383080] [CDVTimer][TotalPluginStartup] 40.444016ms
2014-12-16 12:00:32.124 GestorContenidos[4716:383080] Resetting plugins due to page load.
2014-12-16 12:00:32.218 GestorContenidos[4716:383080] Finished load of: file:///Users/victor/Library/Developer/CoreSimulator/Devices/2515B339-37D3-484F-907E-E85C6C54A26E/data/Containers/Bundle/Application/D71A1C95-7F70-46EC-8835-A38F02E55320/GestorContenidos.app/www/index.html
2014-12-16 12:01:23.576 GestorContenidos[4879:385766] Apache Cordova native platform version 3.7.0 is starting.
2014-12-16 12:01:23.577 GestorContenidos[4879:385766] Multi-tasking -> Device: YES, App: YES
2014-12-16 12:01:23.578 GestorContenidos[4879:385766] Unlimited access to network resources
2014-12-16 12:01:23.582 GestorContenidos[4879:385766] 

Started backup to iCloud! Please be careful.
Your application might be rejected by Apple if you store too much data.
For more information please read "iOS Data Storage Guidelines" at:
https://developer.apple.com/icloud/documentation/data-storage/
To disable web storage backup to iCloud, set the BackupWebStorage preference to "local" in the Cordova config.xml file

2014-12-16 12:01:23.904 GestorContenidos[4879:385766] [CDVTimer][splashscreen] 24.882972ms
2014-12-16 12:01:23.922 GestorContenidos[4879:385766] [CDVTimer][file] 17.689049ms
2014-12-16 12:01:23.922 GestorContenidos[4879:385766] [CDVTimer][TotalPluginStartup] 42.939007ms
2014-12-16 12:01:23.996 GestorContenidos[4879:385766] Resetting plugins due to page load.
2014-12-16 12:01:24.079 GestorContenidos[4879:385766] Finished load of: file:///Users/victor/Library/Developer/CoreSimulator/Devices/2515B339-37D3-484F-907E-E85C6C54A26E/data/Containers/Bundle/Application/3C8650FB-A91F-471F-81C1-26064DE91CE2/GestorContenidos.app/www/index.html
2014-12-16 12:10:08.139 GestorContenidos[5064:413232] Apache Cordova native platform version 3.7.0 is starting.
2014-12-16 12:10:08.140 GestorContenidos[5064:413232] Multi-tasking -> Device: YES, App: YES
2014-12-16 12:10:08.141 GestorContenidos[5064:413232] Unlimited access to network resources
2014-12-16 12:10:08.144 GestorContenidos[5064:413232] 

Started backup to iCloud! Please be careful.
Your application might be rejected by Apple if you store too much data.
For more information please read "iOS Data Storage Guidelines" at:
https://developer.apple.com/icloud/documentation/data-storage/
To disable web storage backup to iCloud, set the BackupWebStorage preference to "local" in the Cordova config.xml file

2014-12-16 12:10:08.458 GestorContenidos[5064:413232] [CDVTimer][splashscreen] 23.245990ms
2014-12-16 12:10:08.461 GestorContenidos[5064:413232] [CDVTimer][file] 3.225029ms
2014-12-16 12:10:08.461 GestorContenidos[5064:413232] [CDVTimer][TotalPluginStartup] 26.880980ms
2014-12-16 12:10:08.560 GestorContenidos[5064:413232] Resetting plugins due to page load.
2014-12-16 12:10:08.639 GestorContenidos[5064:413232] Finished load of: file:///Users/victor/Library/Developer/CoreSimulator/Devices/2515B339-37D3-484F-907E-E85C6C54A26E/data/Containers/Bundle/Application/25F155AE-63BB-46F4-A65D-79D9E6294F62/GestorContenidos.app/www/index.html
2014-12-16 12:15:54.947 GestorContenidos[5064:413232] Resetting plugins due to page load.
2014-12-16 12:15:55.024 GestorContenidos[5064:413232] Finished load of: file:///Users/victor/Library/Developer/CoreSimulator/Devices/2515B339-37D3-484F-907E-E85C6C54A26E/data/Containers/Bundle/Application/25F155AE-63BB-46F4-A65D-79D9E6294F62/GestorContenidos.app/www/navegador.html?var=http://www.mayo.edu/education/?_ga=1.224352156.667299883.1416995256
2014-12-16 12:52:29.829 GestorContenidos[5999:522146] Apache Cordova native platform version 3.7.0 is starting.
2014-12-16 12:52:29.846 GestorContenidos[5999:522146] Multi-tasking -> Device: YES, App: YES
2014-12-16 12:52:29.885 GestorContenidos[5999:522146] Unlimited access to network resources
2014-12-16 12:52:29.887 GestorContenidos[5999:522146] 

Started backup to iCloud! Please be careful.
Your application might be rejected by Apple if you store too much data.
For more information please read "iOS Data Storage Guidelines" at:
https://developer.apple.com/icloud/documentation/data-storage/
To disable web storage backup to iCloud, set the BackupWebStorage preference to "local" in the Cordova config.xml file

2014-12-16 12:52:30.415 GestorContenidos[5999:522146] [CDVTimer][splashscreen] 121.116042ms
2014-12-16 12:52:30.419 GestorContenidos[5999:522146] [CDVTimer][file] 3.185987ms
2014-12-16 12:52:30.419 GestorContenidos[5999:522146] [CDVTimer][TotalPluginStartup] 124.716997ms
2014-12-16 12:52:30.581 GestorContenidos[5999:522146] Resetting plugins due to page load.
2014-12-16 12:52:30.708 GestorContenidos[5999:522146] Finished load of: file:///Users/victor/Library/Developer/CoreSimulator/Devices/2515B339-37D3-484F-907E-E85C6C54A26E/data/Containers/Bundle/Application/829EB639-8F0F-4EA0-A024-AA09FF4BCD5D/GestorContenidos.app/www/index.html
2014-12-16 13:05:31.734 GestorContenidos[6194:573939] Apache Cordova native platform version 3.7.0 is starting.
2014-12-16 13:05:31.735 GestorContenidos[6194:573939] Multi-tasking -> Device: YES, App: YES
2014-12-16 13:05:31.737 GestorContenidos[6194:573939] Unlimited access to network resources
2014-12-16 13:05:31.739 GestorContenidos[6194:573939] 

Started backup to iCloud! Please be careful.
Your application might be rejected by Apple if you store too much data.
For more information please read "iOS Data Storage Guidelines" at:
https://developer.apple.com/icloud/documentation/data-storage/
To disable web storage backup to iCloud, set the BackupWebStorage preference to "local" in the Cordova config.xml file

2014-12-16 13:05:32.109 GestorContenidos[6194:573939] [CDVTimer][splashscreen] 78.153014ms
2014-12-16 13:05:32.112 GestorContenidos[6194:573939] [CDVTimer][file] 3.057003ms
2014-12-16 13:05:32.112 GestorContenidos[6194:573939] [CDVTimer][TotalPluginStartup] 81.589997ms
2014-12-16 13:05:32.245 GestorContenidos[6194:573939] Resetting plugins due to page load.
2014-12-16 13:05:32.337 GestorContenidos[6194:573939] Finished load of: file:///Users/victor/Library/Developer/CoreSimulator/Devices/2515B339-37D3-484F-907E-E85C6C54A26E/data/Containers/Bundle/Application/A4E0946C-D2FE-4E23-89ED-B4B55BBAE653/GestorContenidos.app/www/index.html
2014-12-16 13:07:25.285 GestorContenidos[6194:573939] Resetting plugins due to page load.
2014-12-16 13:07:25.394 GestorContenidos[6194:573939] Finished load of: file:///Users/victor/Library/Developer/CoreSimulator/Devices/2515B339-37D3-484F-907E-E85C6C54A26E/data/Containers/Bundle/Application/A4E0946C-D2FE-4E23-89ED-B4B55BBAE653/GestorContenidos.app/www/opciones.html
